app/build/intermediates/manifest_merge_blame_file/release/processReleaseMainManifest/manifest-merger-blame-release-report.txt
1<?xml version="1.0" encoding="utf-8"?>
2<manifest xmlns:android="http://schemas.android.com/apk/res/android"
3    package="me.gustyxpower.faceunlock"
4    android:versionCode="1"
5    android:versionName="1.0" >
6
7    <uses-sdk
8        android:minSdkVersion="26"
9        android:targetSdkVersion="35" />
10
11    <!-- Permissions -->
12    <uses-permission android:name="android.permission.CAMERA" />
12-->src\main\AndroidManifest.xml:6:5-65
12-->src\main\AndroidManifest.xml:6:22-62
13    <uses-permission android:name="android.permission.FOREGROUND_SERVICE" />
13-->src\main\AndroidManifest.xml:7:5-77
13-->src\main\AndroidManifest.xml:7:22-74
14    <uses-permission android:name="android.permission.FOREGROUND_SERVICE_CAMERA" />
14-->src\main\AndroidManifest.xml:8:5-84
14-->src\main\AndroidManifest.xml:8:22-81
15    <uses-permission android:name="android.permission.RECEIVE_BOOT_COMPLETED" />
15-->src\main\AndroidManifest.xml:9:5-81
15-->src\main\AndroidManifest.xml:9:22-78
16    <uses-permission android:name="android.permission.SYSTEM_ALERT_WINDOW" />
16-->src\main\AndroidManifest.xml:10:5-78
16-->src\main\AndroidManifest.xml:10:22-75
17    <uses-permission android:name="android.permission.WAKE_LOCK" />
17-->src\main\AndroidManifest.xml:11:5-68
17-->src\main\AndroidManifest.xml:11:22-65
18    <uses-permission android:name="android.permission.DISABLE_KEYGUARD" />
18-->src\main\AndroidManifest.xml:12:5-75
18-->src\main\AndroidManifest.xml:12:22-72
19
20    <uses-feature
20-->src\main\AndroidManifest.xml:14:5-84
21        android:name="android.hardware.camera"
21-->src\main\AndroidManifest.xml:14:19-57
22        android:required="true" />
22-->src\main\AndroidManifest.xml:14:58-81
23    <uses-feature
23-->src\main\AndroidManifest.xml:15:5-90
24        android:name="android.hardware.camera.front"
24-->src\main\AndroidManifest.xml:15:19-63
25        android:required="true" />
25-->src\main\AndroidManifest.xml:15:64-87
26
27    <permission
27-->[androidx.core:core:1.12.0] AndroidManifest.xml:22:5-24:47
28        android:name="me.gustyxpower.faceunlock.DYNAMIC_RECEIVER_NOT_EXPORTED_PERMISSION"
28-->[androidx.core:core:1.12.0] AndroidManifest.xml:23:9-81
29        android:protectionLevel="signature" />
29-->[androidx.core:core:1.12.0] AndroidManifest.xml:24:9-44
30
31    <uses-permission android:name="me.gustyxpower.faceunlock.DYNAMIC_RECEIVER_NOT_EXPORTED_PERMISSION" /> <!-- Although the *SdkVersion is captured in gradle build files, this is required for non gradle builds -->
31-->[androidx.core:core:1.12.0] AndroidManifest.xml:26:5-97
31-->[androidx.core:core:1.12.0] AndroidManifest.xml:26:22-94
32    <!-- <uses-sdk android:minSdkVersion="14"/> -->
33    <uses-permission android:name="android.permission.ACCESS_NETWORK_STATE" />
33-->[com.google.android.datatransport:transport-backend-cct:2.3.3] AndroidManifest.xml:25:5-79
33-->[com.google.android.datatransport:transport-backend-cct:2.3.3] AndroidManifest.xml:25:22-76
34    <uses-permission android:name="android.permission.INTERNET" />
34-->[com.google.android.datatransport:transport-backend-cct:2.3.3] AndroidManifest.xml:26:5-67
34-->[com.google.android.datatransport:transport-backend-cct:2.3.3] AndroidManifest.xml:26:22-64
35
36    <application
36-->src\main\AndroidManifest.xml:17:5-86:19
37        android:name="me.gustyxpower.faceunlock.FaceUnlockApp"
37-->src\main\AndroidManifest.xml:18:9-38
38        android:allowBackup="true"
38-->src\main\AndroidManifest.xml:19:9-35
39        android:appComponentFactory="androidx.core.app.CoreComponentFactory"
39-->[androidx.core:core:1.12.0] AndroidManifest.xml:28:18-86
40        android:extractNativeLibs="false"
41        android:icon="@mipmap/ic_launcher"
41-->src\main\AndroidManifest.xml:20:9-43
42        android:label="@string/app_name"
42-->src\main\AndroidManifest.xml:21:9-41
43        android:roundIcon="@mipmap/ic_launcher_round"
43-->src\main\AndroidManifest.xml:22:9-54
44        android:supportsRtl="true"
44-->src\main\AndroidManifest.xml:23:9-35
45        android:theme="@style/Theme.FaceUnlock" >
45-->src\main\AndroidManifest.xml:24:9-48
46
47        <!-- Main Activity -->
48        <activity
48-->src\main\AndroidManifest.xml:27:9-35:20
49            android:name="me.gustyxpower.faceunlock.MainActivity"
49-->src\main\AndroidManifest.xml:28:13-41
50            android:exported="true"
50-->src\main\AndroidManifest.xml:29:13-36
51            android:theme="@style/Theme.FaceUnlock" >
51-->src\main\AndroidManifest.xml:30:13-52
52            <intent-filter>
52-->src\main\AndroidManifest.xml:31:13-34:29
53                <action android:name="android.intent.action.MAIN" />
53-->src\main\AndroidManifest.xml:32:17-69
53-->src\main\AndroidManifest.xml:32:25-66
54
55                <category android:name="android.intent.category.LAUNCHER" />
55-->src\main\AndroidManifest.xml:33:17-77
55-->src\main\AndroidManifest.xml:33:27-74
56            </intent-filter>
57        </activity>
58
59        <!-- Face Enrollment Activity -->
60        <activity
60-->src\main\AndroidManifest.xml:38:9-41:52
61            android:name="me.gustyxpower.faceunlock.EnrollFaceActivity"
61-->src\main\AndroidManifest.xml:39:13-47
62            android:exported="false"
62-->src\main\AndroidManifest.xml:40:13-37
63            android:screenOrientation="portrait" />
63-->src\main\AndroidManifest.xml:41:13-49
64
65        <!-- Accessibility Service -->
66        <service
66-->src\main\AndroidManifest.xml:44:9-57:19
67            android:name="me.gustyxpower.faceunlock.service.FaceUnlockAccessibilityService"
67-->src\main\AndroidManifest.xml:45:13-67
68            android:description="@string/accessibility_service_description"
68-->src\main\AndroidManifest.xml:47:13-76
69            android:enabled="true"
69-->src\main\AndroidManifest.xml:49:13-35
70            android:exported="true"
70-->src\main\AndroidManifest.xml:48:13-36
71            android:label="@string/app_name"
71-->src\main\AndroidManifest.xml:46:13-45
72            android:permission="android.permission.BIND_ACCESSIBILITY_SERVICE" >
72-->src\main\AndroidManifest.xml:50:13-79
73            <intent-filter>
73-->src\main\AndroidManifest.xml:51:13-53:29
74                <action android:name="android.accessibilityservice.AccessibilityService" />
74-->src\main\AndroidManifest.xml:52:17-92
74-->src\main\AndroidManifest.xml:52:25-89
75            </intent-filter>
76
77            <meta-data
77-->src\main\AndroidManifest.xml:54:13-56:72
78                android:name="android.accessibilityservice"
78-->src\main\AndroidManifest.xml:55:17-60
79                android:resource="@xml/accessibility_service_config" />
79-->src\main\AndroidManifest.xml:56:17-69
80        </service>
81
82        <!-- Face Detection Service -->
83        <service
83-->src\main\AndroidManifest.xml:60:9-63:54
84            android:name="me.gustyxpower.faceunlock.service.FaceDetectionService"
84-->src\main\AndroidManifest.xml:61:13-57
85            android:exported="false"
85-->src\main\AndroidManifest.xml:62:13-37
86            android:foregroundServiceType="camera" />
86-->src\main\AndroidManifest.xml:63:13-51
87
88        <!-- Boot Receiver -->
89        <receiver
89-->src\main\AndroidManifest.xml:66:9-73:20
90            android:name="me.gustyxpower.faceunlock.receiver.BootReceiver"
90-->src\main\AndroidManifest.xml:67:13-50
91            android:exported="true" >
91-->src\main\AndroidManifest.xml:68:13-36
92            <intent-filter>
92-->src\main\AndroidManifest.xml:69:13-72:29
93                <action android:name="android.intent.action.BOOT_COMPLETED" />
93-->src\main\AndroidManifest.xml:70:17-79
93-->src\main\AndroidManifest.xml:70:25-76
94                <action android:name="android.intent.action.QUICKBOOT_POWERON" />
94-->src\main\AndroidManifest.xml:71:17-82
94-->src\main\AndroidManifest.xml:71:25-79
95            </intent-filter>
96        </receiver>
97
98        <!-- Screen State Receiver -->
99        <receiver
99-->src\main\AndroidManifest.xml:76:9-84:20
100            android:name="me.gustyxpower.faceunlock.receiver.ScreenStateReceiver"
100-->src\main\AndroidManifest.xml:77:13-57
101            android:exported="false" >
101-->src\main\AndroidManifest.xml:78:13-37
102            <intent-filter>
102-->src\main\AndroidManifest.xml:79:13-83:29
103                <action android:name="android.intent.action.SCREEN_ON" />
103-->src\main\AndroidManifest.xml:80:17-74
103-->src\main\AndroidManifest.xml:80:25-71
104                <action android:name="android.intent.action.SCREEN_OFF" />
104-->src\main\AndroidManifest.xml:81:17-75
104-->src\main\AndroidManifest.xml:81:25-72
105                <action android:name="android.intent.action.USER_PRESENT" />
105-->src\main\AndroidManifest.xml:82:17-77
105-->src\main\AndroidManifest.xml:82:25-74
106            </intent-filter>
107        </receiver>
108
109        <service
109-->[androidx.camera:camera-camera2:1.3.1] AndroidManifest.xml:24:9-33:19
110            android:name="androidx.camera.core.impl.MetadataHolderService"
110-->[androidx.camera:camera-camera2:1.3.1] AndroidManifest.xml:25:13-75
111            android:enabled="false"
111-->[androidx.camera:camera-camera2:1.3.1] AndroidManifest.xml:26:13-36
112            android:exported="false" >
112-->[androidx.camera:camera-camera2:1.3.1] AndroidManifest.xml:27:13-37
113            <meta-data
113-->[androidx.camera:camera-camera2:1.3.1] AndroidManifest.xml:30:13-32:89
114                android:name="androidx.camera.core.impl.MetadataHolderService.DEFAULT_CONFIG_PROVIDER"
114-->[androidx.camera:camera-camera2:1.3.1] AndroidManifest.xml:31:17-103
115                android:value="androidx.camera.camera2.Camera2Config$DefaultProvider" />
115-->[androidx.camera:camera-camera2:1.3.1] AndroidManifest.xml:32:17-86
116        </service>
117        <service
117-->[com.google.android.gms:play-services-mlkit-face-detection:17.0.1] AndroidManifest.xml:9:9-15:19
118            android:name="com.google.mlkit.common.internal.MlKitComponentDiscoveryService"
118-->[com.google.android.gms:play-services-mlkit-face-detection:17.0.1] AndroidManifest.xml:10:13-91
119            android:directBootAware="true"
119-->[com.google.mlkit:common:18.1.0] AndroidManifest.xml:17:13-43
120            android:exported="false" >
120-->[com.google.android.gms:play-services-mlkit-face-detection:17.0.1] AndroidManifest.xml:11:13-37
121            <meta-data
121-->[com.google.android.gms:play-services-mlkit-face-detection:17.0.1] AndroidManifest.xml:12:13-14:85
122                android:name="com.google.firebase.components:com.google.mlkit.vision.face.internal.FaceRegistrar"
122-->[com.google.android.gms:play-services-mlkit-face-detection:17.0.1] AndroidManifest.xml:13:17-114
123                android:value="com.google.firebase.components.ComponentRegistrar" />
123-->[com.google.android.gms:play-services-mlkit-face-detection:17.0.1] AndroidManifest.xml:14:17-82
124            <meta-data
124-->[com.google.mlkit:vision-common:17.1.0] AndroidManifest.xml:12:13-14:85
125                android:name="com.google.firebase.components:com.google.mlkit.vision.common.internal.VisionCommonRegistrar"
125-->[com.google.mlkit:vision-common:17.1.0] AndroidManifest.xml:13:17-124
126                android:value="com.google.firebase.components.ComponentRegistrar" />
126-->[com.google.mlkit:vision-common:17.1.0] AndroidManifest.xml:14:17-82
127            <meta-data
127-->[com.google.mlkit:common:18.1.0] AndroidManifest.xml:20:13-22:85
128                android:name="com.google.firebase.components:com.google.mlkit.common.internal.CommonComponentRegistrar"
128-->[com.google.mlkit:common:18.1.0] AndroidManifest.xml:21:17-120
129                android:value="com.google.firebase.components.ComponentRegistrar" />
129-->[com.google.mlkit:common:18.1.0] AndroidManifest.xml:22:17-82
130        </service>
131
132        <provider
132-->[com.google.mlkit:common:18.1.0] AndroidManifest.xml:9:9-13:38
133            android:name="com.google.mlkit.common.internal.MlKitInitProvider"
133-->[com.google.mlkit:common:18.1.0] AndroidManifest.xml:10:13-78
134            android:authorities="me.gustyxpower.faceunlock.mlkitinitprovider"
134-->[com.google.mlkit:common:18.1.0] AndroidManifest.xml:11:13-69
135            android:exported="false"
135-->[com.google.mlkit:common:18.1.0] AndroidManifest.xml:12:13-37
136            android:initOrder="99" />
136-->[com.google.mlkit:common:18.1.0] AndroidManifest.xml:13:13-35
137
138        <activity
138-->[com.google.android.gms:play-services-base:18.0.1] AndroidManifest.xml:20:9-22:45
139            android:name="com.google.android.gms.common.api.GoogleApiActivity"
139-->[com.google.android.gms:play-services-base:18.0.1] AndroidManifest.xml:20:19-85
140            android:exported="false"
140-->[com.google.android.gms:play-services-base:18.0.1] AndroidManifest.xml:22:19-43
141            android:theme="@android:style/Theme.Translucent.NoTitleBar" />
141-->[com.google.android.gms:play-services-base:18.0.1] AndroidManifest.xml:21:19-78
142
143        <meta-data
143-->[com.google.android.gms:play-services-basement:18.0.0] AndroidManifest.xml:21:9-23:69
144            android:name="com.google.android.gms.version"
144-->[com.google.android.gms:play-services-basement:18.0.0] AndroidManifest.xml:22:13-58
145            android:value="@integer/google_play_services_version" />
145-->[com.google.android.gms:play-services-basement:18.0.0] AndroidManifest.xml:23:13-66
146
147        <provider
147-->[androidx.emoji2:emoji2:1.3.0] AndroidManifest.xml:24:9-32:20
148            android:name="androidx.startup.InitializationProvider"
148-->[androidx.emoji2:emoji2:1.3.0] AndroidManifest.xml:25:13-67
149            android:authorities="me.gustyxpower.faceunlock.androidx-startup"
149-->[androidx.emoji2:emoji2:1.3.0] AndroidManifest.xml:26:13-68
150            android:exported="false" >
150-->[androidx.emoji2:emoji2:1.3.0] AndroidManifest.xml:27:13-37
151            <meta-data
151-->[androidx.emoji2:emoji2:1.3.0] AndroidManifest.xml:29:13-31:52
152                android:name="androidx.emoji2.text.EmojiCompatInitializer"
152-->[androidx.emoji2:emoji2:1.3.0] AndroidManifest.xml:30:17-75
153                android:value="androidx.startup" />
153-->[androidx.emoji2:emoji2:1.3.0] AndroidManifest.xml:31:17-49
154            <meta-data
154-->[androidx.lifecycle:lifecycle-process:2.7.0] AndroidManifest.xml:29:13-31:52
155                android:name="androidx.lifecycle.ProcessLifecycleInitializer"
155-->[androidx.lifecycle:lifecycle-process:2.7.0] AndroidManifest.xml:30:17-78
156                android:value="androidx.startup" />
156-->[androidx.lifecycle:lifecycle-process:2.7.0] AndroidManifest.xml:31:17-49
157            <meta-data
157-->[androidx.profileinstaller:profileinstaller:1.3.0] AndroidManifest.xml:29:13-31:52
158                android:name="androidx.profileinstaller.ProfileInstallerInitializer"
158-->[androidx.profileinstaller:profileinstaller:1.3.0] AndroidManifest.xml:30:17-85
159                android:value="androidx.startup" />
159-->[androidx.profileinstaller:profileinstaller:1.3.0] AndroidManifest.xml:31:17-49
160        </provider>
161
162        <uses-library
162-->[androidx.window:window:1.0.0] AndroidManifest.xml:25:9-27:40
163            android:name="androidx.window.extensions"
163-->[androidx.window:window:1.0.0] AndroidManifest.xml:26:13-54
164            android:required="false" />
164-->[androidx.window:window:1.0.0] AndroidManifest.xml:27:13-37
165        <uses-library
165-->[androidx.window:window:1.0.0] AndroidManifest.xml:28:9-30:40
166            android:name="androidx.window.sidecar"
166-->[androidx.window:window:1.0.0] AndroidManifest.xml:29:13-51
167            android:required="false" />
167-->[androidx.window:window:1.0.0] AndroidManifest.xml:30:13-37
168
169        <service
169-->[com.google.android.datatransport:transport-backend-cct:2.3.3] AndroidManifest.xml:29:9-35:19
170            android:name="com.google.android.datatransport.runtime.backends.TransportBackendDiscovery"
170-->[com.google.android.datatransport:transport-backend-cct:2.3.3] AndroidManifest.xml:30:13-103
171            android:exported="false" >
171-->[com.google.android.datatransport:transport-backend-cct:2.3.3] AndroidManifest.xml:31:13-37
172            <meta-data
172-->[com.google.android.datatransport:transport-backend-cct:2.3.3] AndroidManifest.xml:32:13-34:39
173                android:name="backend:com.google.android.datatransport.cct.CctBackendFactory"
173-->[com.google.android.datatransport:transport-backend-cct:2.3.3] AndroidManifest.xml:33:17-94
174                android:value="cct" />
174-->[com.google.android.datatransport:transport-backend-cct:2.3.3] AndroidManifest.xml:34:17-36
175        </service>
176        <service
176-->[com.google.android.datatransport:transport-runtime:2.2.6] AndroidManifest.xml:26:9-30:19
177            android:name="com.google.android.datatransport.runtime.scheduling.jobscheduling.JobInfoSchedulerService"
177-->[com.google.android.datatransport:transport-runtime:2.2.6] AndroidManifest.xml:27:13-117
178            android:exported="false"
178-->[com.google.android.datatransport:transport-runtime:2.2.6] AndroidManifest.xml:28:13-37
179            android:permission="android.permission.BIND_JOB_SERVICE" >
179-->[com.google.android.datatransport:transport-runtime:2.2.6] AndroidManifest.xml:29:13-69
180        </service>
181
182        <receiver
182-->[com.google.android.datatransport:transport-runtime:2.2.6] AndroidManifest.xml:32:9-34:40
183            android:name="com.google.android.datatransport.runtime.scheduling.jobscheduling.AlarmManagerSchedulerBroadcastReceiver"
183-->[com.google.android.datatransport:transport-runtime:2.2.6] AndroidManifest.xml:33:13-132
184            android:exported="false" />
184-->[com.google.android.datatransport:transport-runtime:2.2.6] AndroidManifest.xml:34:13-37
185        <receiver
185-->[androidx.profileinstaller:profileinstaller:1.3.0] AndroidManifest.xml:34:9-52:20
186            android:name="androidx.profileinstaller.ProfileInstallReceiver"
186-->[androidx.profileinstaller:profileinstaller:1.3.0] AndroidManifest.xml:35:13-76
187            android:directBootAware="false"
187-->[androidx.profileinstaller:profileinstaller:1.3.0] AndroidManifest.xml:36:13-44
188            android:enabled="true"
188-->[androidx.profileinstaller:profileinstaller:1.3.0] AndroidManifest.xml:37:13-35
189            android:exported="true"
189-->[androidx.profileinstaller:profileinstaller:1.3.0] AndroidManifest.xml:38:13-36
190            android:permission="android.permission.DUMP" >
190-->[androidx.profileinstaller:profileinstaller:1.3.0] AndroidManifest.xml:39:13-57
191            <intent-filter>
191-->[androidx.profileinstaller:profileinstaller:1.3.0] AndroidManifest.xml:40:13-42:29
192                <action android:name="androidx.profileinstaller.action.INSTALL_PROFILE" />
192-->[androidx.profileinstaller:profileinstaller:1.3.0] AndroidManifest.xml:41:17-91
192-->[androidx.profileinstaller:profileinstaller:1.3.0] AndroidManifest.xml:41:25-88
193            </intent-filter>
194            <intent-filter>
194-->[androidx.profileinstaller:profileinstaller:1.3.0] AndroidManifest.xml:43:13-45:29
195                <action android:name="androidx.profileinstaller.action.SKIP_FILE" />
195-->[androidx.profileinstaller:profileinstaller:1.3.0] AndroidManifest.xml:44:17-85
195-->[androidx.profileinstaller:profileinstaller:1.3.0] AndroidManifest.xml:44:25-82
196            </intent-filter>
197            <intent-filter>
197-->[androidx.profileinstaller:profileinstaller:1.3.0] AndroidManifest.xml:46:13-48:29
198                <action android:name="androidx.profileinstaller.action.SAVE_PROFILE" />
198-->[androidx.profileinstaller:profileinstaller:1.3.0] AndroidManifest.xml:47:17-88
198-->[androidx.profileinstaller:profileinstaller:1.3.0] AndroidManifest.xml:47:25-85
199            </intent-filter>
200            <intent-filter>
200-->[androidx.profileinstaller:profileinstaller:1.3.0] AndroidManifest.xml:49:13-51:29
201                <action android:name="androidx.profileinstaller.action.BENCHMARK_OPERATION" />
201-->[androidx.profileinstaller:profileinstaller:1.3.0] AndroidManifest.xml:50:17-95
201-->[androidx.profileinstaller:profileinstaller:1.3.0] AndroidManifest.xml:50:25-92
202            </intent-filter>
203        </receiver>
204    </application>
205
206</manifest>